2026-03-22 11:31:14 [INFO] main_pipeline: Waktu mulai: 2026-03-22 11:31:14
2026-03-22 11:31:14 [INFO] main_pipeline: Mode: single step (4)
2026-03-22 11:31:14 [INFO] main_pipeline: 
2026-03-22 11:31:14 [INFO] main_pipeline: ┌──────────────────────────────────────────────────────────┐
2026-03-22 11:31:14 [INFO] main_pipeline: │  STEP 4: PENGUJIAN DENGAN ECHIDNA                        │
2026-03-22 11:31:14 [INFO] main_pipeline: └──────────────────────────────────────────────────────────┘
2026-03-22 11:31:14 [INFO] echidna_runner: ============================================================
2026-03-22 11:31:14 [INFO] echidna_runner: STEP 4: PENGUJIAN DENGAN ECHIDNA
2026-03-22 11:31:14 [INFO] echidna_runner: ============================================================
2026-03-22 11:31:14 [INFO] echidna_runner: Jumlah kontrak yang akan diuji: 4
2026-03-22 11:31:14 [INFO] echidna_runner: 
2026-03-22 11:31:14 [INFO] echidna_runner: Menguji: FundMe_cross_function.sol
2026-03-22 11:31:14 [INFO] echidna_runner:   Menjalankan Echidna: FundMe_cross_function.sol [cross_function]
2026-03-22 11:31:19 [INFO] echidna_runner:   ✓ DETECTED   | waktu: 5.41s
2026-03-22 11:31:19 [INFO] echidna_runner: 
2026-03-22 11:31:19 [INFO] echidna_runner: Menguji: FundMe_single_function.sol
2026-03-22 11:31:19 [INFO] echidna_runner:   Menjalankan Echidna: FundMe_single_function.sol [single_function]
2026-03-22 11:31:26 [INFO] echidna_runner:   ✓ DETECTED   | waktu: 6.77s
2026-03-22 11:31:26 [INFO] echidna_runner: 
2026-03-22 11:31:26 [INFO] echidna_runner: Menguji: SimpleBank_cross_function.sol
2026-03-22 11:31:26 [INFO] echidna_runner:   Menjalankan Echidna: SimpleBank_cross_function.sol [cross_function]
2026-03-22 11:31:30 [INFO] echidna_runner:   ✓ DETECTED   | waktu: 4.22s
2026-03-22 11:31:30 [INFO] echidna_runner: 
2026-03-22 11:31:30 [INFO] echidna_runner: Menguji: SimpleBank_single_function.sol
2026-03-22 11:31:30 [INFO] echidna_runner:   Menjalankan Echidna: SimpleBank_single_function.sol [single_function]
2026-03-22 11:31:33 [INFO] echidna_runner:   ✓ DETECTED   | waktu: 2.54s
2026-03-22 11:31:33 [INFO] echidna_runner: 
2026-03-22 11:31:33 [INFO] echidna_runner: Ringkasan Echidna:
2026-03-22 11:31:33 [INFO] echidna_runner:   DETECTED     : 4
2026-03-22 11:31:33 [INFO] echidna_runner:   NOT_DETECTED : 0
2026-03-22 11:31:33 [INFO] echidna_runner:   TIMEOUT      : 0
2026-03-22 11:31:33 [INFO] echidna_runner:   ERROR        : 0
2026-03-22 11:31:33 [INFO] echidna_runner: Hasil tersimpan di: /home/zenom/hz-reentrancy/logs/echidna_results.json
