2026-03-22 11:37:07 [INFO] main_pipeline: Waktu mulai: 2026-03-22 11:37:07
2026-03-22 11:37:07 [INFO] main_pipeline: Mode: single step (3)
2026-03-22 11:37:07 [INFO] main_pipeline: 
2026-03-22 11:37:07 [INFO] main_pipeline: ┌──────────────────────────────────────────────────────────┐
2026-03-22 11:37:07 [INFO] main_pipeline: │  STEP 3: BUG INJECTION (REENTRANCY)                      │
2026-03-22 11:37:07 [INFO] main_pipeline: └──────────────────────────────────────────────────────────┘
2026-03-22 11:37:07 [INFO] injector: ============================================================
2026-03-22 11:37:07 [INFO] injector: STEP 3: BUG INJECTION
2026-03-22 11:37:07 [INFO] injector: ============================================================
2026-03-22 11:37:07 [INFO] injector: Jumlah kontrak yang akan diinjeksi: 4
2026-03-22 11:37:07 [INFO] injector: Varian bug: ['single_function', 'cross_function']
2026-03-22 11:37:07 [INFO] injector: 
2026-03-22 11:37:07 [INFO] injector: Memproses: 01_SimpleBank.sol
2026-03-22 11:37:07 [WARNING] injector: Tidak ada mapping variabel pada '01_SimpleBank.sol'. Bug mungkin tidak optimal, menggunakan nama default.
2026-03-22 11:37:07 [INFO] injector:   Kontrak : SimpleBank | Mapping: balances
2026-03-22 11:37:07 [INFO] injector:   ✓ [single_function] → 01_SimpleBank_single_function.sol (injeksi baris 49)
2026-03-22 11:37:07 [INFO] injector:   ✓ [cross_function] → 01_SimpleBank_cross_function.sol (injeksi baris 49)
2026-03-22 11:37:07 [INFO] injector: 
2026-03-22 11:37:07 [INFO] injector: Memproses: 02_Crowdfunding.sol
2026-03-22 11:37:07 [INFO] injector:   Kontrak : CrowdFunding | Mapping: contributors
2026-03-22 11:37:07 [INFO] injector:   ✓ [single_function] → 02_Crowdfunding_single_function.sol (injeksi baris 139)
2026-03-22 11:37:07 [INFO] injector:   ✓ [cross_function] → 02_Crowdfunding_cross_function.sol (injeksi baris 139)
2026-03-22 11:37:07 [INFO] injector: 
2026-03-22 11:37:07 [INFO] injector: Memproses: FundMe.sol
2026-03-22 11:37:07 [INFO] injector:   Kontrak : FundMe | Mapping: addressToAmountFunded
2026-03-22 11:37:07 [INFO] injector:   ✓ [single_function] → FundMe_single_function.sol (injeksi baris 60)
2026-03-22 11:37:07 [INFO] injector:   ✓ [cross_function] → FundMe_cross_function.sol (injeksi baris 60)
2026-03-22 11:37:07 [INFO] injector: 
2026-03-22 11:37:07 [INFO] injector: Memproses: SimpleBank.sol
2026-03-22 11:37:07 [INFO] injector:   Kontrak : SimpleBank | Mapping: balances
2026-03-22 11:37:07 [INFO] injector:   ✓ [single_function] → SimpleBank_single_function.sol (injeksi baris 43)
2026-03-22 11:37:07 [INFO] injector:   ✓ [cross_function] → SimpleBank_cross_function.sol (injeksi baris 43)
2026-03-22 11:37:07 [INFO] injector: 
2026-03-22 11:37:07 [INFO] injector: Total bug berhasil disuntikkan: 8
2026-03-22 11:37:07 [INFO] injector: Injection log tersimpan di     : /home/zenom/hz-reentrancy/logs/injection_log.json
