2026-03-21 17:09:30 [INFO] main_pipeline: Waktu mulai: 2026-03-21 17:09:30
2026-03-21 17:09:30 [INFO] main_pipeline: Mode: single step (4)
2026-03-21 17:09:30 [INFO] main_pipeline: 
2026-03-21 17:09:30 [INFO] main_pipeline: ┌──────────────────────────────────────────────────────────┐
2026-03-21 17:09:30 [INFO] main_pipeline: │  STEP 4: PENGUJIAN DENGAN ECHIDNA                        │
2026-03-21 17:09:30 [INFO] main_pipeline: └──────────────────────────────────────────────────────────┘
2026-03-21 17:09:30 [INFO] echidna_runner: ============================================================
2026-03-21 17:09:30 [INFO] echidna_runner: STEP 4: PENGUJIAN DENGAN ECHIDNA
2026-03-21 17:09:30 [INFO] echidna_runner: ============================================================
2026-03-21 17:09:30 [INFO] echidna_runner: Jumlah kontrak yang akan diuji: 2
2026-03-21 17:09:30 [INFO] echidna_runner: 
2026-03-21 17:09:30 [INFO] echidna_runner: Menguji: SimpleBank_cross_function.sol
2026-03-21 17:09:30 [INFO] echidna_runner:   Menjalankan Echidna: SimpleBank_cross_function.sol [cross_function]
2026-03-21 17:09:35 [INFO] echidna_runner:   ✓ DETECTED   | waktu: 5.74s
2026-03-21 17:09:35 [INFO] echidna_runner: 
2026-03-21 17:09:35 [INFO] echidna_runner: Menguji: SimpleBank_single_function.sol
2026-03-21 17:09:35 [INFO] echidna_runner:   Menjalankan Echidna: SimpleBank_single_function.sol [single_function]
2026-03-21 17:09:39 [INFO] echidna_runner:   ✓ DETECTED   | waktu: 3.17s
2026-03-21 17:09:39 [INFO] echidna_runner: 
2026-03-21 17:09:39 [INFO] echidna_runner: Ringkasan Echidna:
2026-03-21 17:09:39 [INFO] echidna_runner:   DETECTED     : 2
2026-03-21 17:09:39 [INFO] echidna_runner:   NOT_DETECTED : 0
2026-03-21 17:09:39 [INFO] echidna_runner:   TIMEOUT      : 0
2026-03-21 17:09:39 [INFO] echidna_runner:   ERROR        : 0
2026-03-21 17:09:39 [INFO] echidna_runner: Hasil tersimpan di: /home/zenom/hz-reentrancy/logs/echidna_results.json
